<?xml version="1.0" encoding="UTF-8"?>
<!-- Generated by org.testng.reporters.JUnitXMLReporter -->
<testsuite hostname="Vardhmans-MacBook-Pro.local" ignored="0" name="Test" tests="4" failures="1" timestamp="13 Dec 2020 03:45:02 GMT" time="7.69" errors="0">
  <testcase name="VerifyInvalidStatusCodeForSingleResource" time="4.297" classname="tests.ResourceTest"/>
  <testcase name="VerifyInvalidStatusCodeForSingleResource" time="0.862" classname="tests.ResourceTest"/>
  <testcase name="VerifyInvalidStatusCodeForSingleResource" time="0.972" classname="tests.ResourceTest">
    <failure type="java.lang.AssertionError" message="expected [500] but found [200]">
      <![CDATA[java.lang.AssertionError: expected [500] but found [200]
at tests.ResourceTest.VerifyInvalidStatusCodeForSingleResource(ResourceTest.java:66)
... Removed 35 stack frames]]>
    </failure>
  </testcase> <!-- VerifyInvalidStatusCodeForSingleResource -->
  <testcase name="VerifyResponseDataForSingleResource" time="1.511" classname="tests.ResourceTest"/>
</testsuite> <!-- Test -->
