<?xml version="1.0" encoding="UTF-8"?>
<testsuite xmlns:xsi="http://www.w3.org/2001/XMLSchema-instance" xsi:noNamespaceSchemaLocation="https://maven.apache.org/surefire/maven-surefire-plugin/xsd/surefire-test-report-3.0.xsd" version="3.0" name="TestSuite" time="11.459" tests="4" errors="0" skipped="0" failures="1">
  <properties>
[...]
</properties>
  <testcase name="VerifyInvalidStatusCodeForSingleResource[{expectedResponseCode=404, expectedName=fuchsia rose, expectedYear=2001, ResourceId=abc123, expectedID=abc123, execute=yes, TestCaseName=VerifyInvalidStatusCodeForSingleResource, =}](1)" classname="tests.ResourceTest" time="4.29">
    <system-out><![CDATA[Request method:	GET
Request URI:	https://reqres.in/api/unknown/abc123
Proxy:			<none>
Request params:	<none>
Query params:	<none>
Form params:	<none>
Path params:	<none>
Headers:		Accept=*/*
Cookies:		<none>
Multiparts:		<none>
Body:			<none>
{
    
}
]]></system-out>
  </testcase>
  <testcase name="VerifyInvalidStatusCodeForSingleResource[{expectedResponseCode=404, expectedName=fuchsia rose, expectedYear=2001, ResourceId=2.1, expectedID=2, execute=yes, TestCaseName=VerifyInvalidStatusCodeForSingleResource, =}](2)" classname="tests.ResourceTest" time="0.863">
    <system-out><![CDATA[Request method:	GET
Request URI:	https://reqres.in/api/unknown/2.1
Proxy:			<none>
Request params:	<none>
Query params:	<none>
Form params:	<none>
Path params:	<none>
Headers:		Accept=*/*
Cookies:		<none>
Multiparts:		<none>
Body:			<none>
{
    
}
]]></system-out>
  </testcase>
  <testcase name="VerifyInvalidStatusCodeForSingleResource[{expectedResponseCode=500, expectedName=, expectedYear=, ResourceId=, expectedID=, execute=yes, TestCaseName=VerifyInvalidStatusCodeForSingleResource, =}](3)" classname="tests.ResourceTest" time="0.98">
    <failure message="expected [500] but found [200]" type="java.lang.AssertionError"><![CDATA[java.lang.AssertionError: expected [500] but found [200]
	at tests.ResourceTest.VerifyInvalidStatusCodeForSingleResource(ResourceTest.java:66)
]]></failure>
    <system-out><![CDATA[Request method:	GET
Request URI:	https://reqres.in/api/unknown/
Proxy:			<none>
Request params:	<none>
Query params:	<none>
Form params:	<none>
Path params:	<none>
Headers:		Accept=*/*
Cookies:		<none>
Multiparts:		<none>
Body:			<none>
{
    "page": 1,
    "per_page": 6,
    "total": 12,
    "total_pages": 2,
    "data": [
        {
            "id": 1,
            "name": "cerulean",
            "year": 2000,
            "color": "#98B2D1",
            "pantone_value": "15-4020"
        },
        {
            "id": 2,
            "name": "fuchsia rose",
            "year": 2001,
            "color": "#C74375",
            "pantone_value": "17-2031"
        },
        {
            "id": 3,
            "name": "true red",
            "year": 2002,
            "color": "#BF1932",
            "pantone_value": "19-1664"
        },
        {
            "id": 4,
            "name": "aqua sky",
            "year": 2003,
            "color": "#7BC4C4",
            "pantone_value": "14-4811"
        },
        {
            "id": 5,
            "name": "tigerlily",
            "year": 2004,
            "color": "#E2583E",
            "pantone_value": "17-1456"
        },
        {
            "id": 6,
            "name": "blue turquoise",
            "year": 2005,
            "color": "#53B0AE",
            "pantone_value": "15-5217"
        }
    ],
    "support": {
        "url": "https://reqres.in/#support-heading",
        "text": "To keep ReqRes free, contributions towards server costs are appreciated!"
    }
}
]]></system-out>
  </testcase>
  <testcase name="VerifyResponseDataForSingleResource[{expectedResponseCode=200, expectedName=fuchsia rose, expectedYear=2001, ResourceId=2, expectedID=2, execute=yes, TestCaseName=VerifyResponseDataForSingleResource, =}](1)" classname="tests.ResourceTest" time="1.509">
    <system-out><![CDATA[Request method:	GET
Request URI:	https://reqres.in/api/unknown/2
Proxy:			<none>
Request params:	<none>
Query params:	<none>
Form params:	<none>
Path params:	<none>
Headers:		Accept=*/*
Cookies:		<none>
Multiparts:		<none>
Body:			<none>
{
    "data": {
        "id": 2,
        "name": "fuchsia rose",
        "year": 2001,
        "color": "#C74375",
        "pantone_value": "17-2031"
    },
    "support": {
        "url": "https://reqres.in/#support-heading",
        "text": "To keep ReqRes free, contributions towards server costs are appreciated!"
    }
}
]]></system-out>
  </testcase>
</testsuite>