-------------------------------------------------------------------------------
Test set: TestSuite
-------------------------------------------------------------------------------
Tests run: 4, Failures: 1, Errors: 0, Skipped: 0, Time elapsed: 11.459 s <<< FAILURE! - in TestSuite
tests.ResourceTest.VerifyInvalidStatusCodeForSingleResource[{expectedResponseCode=500, expectedName=, expectedYear=, ResourceId=, expectedID=, execute=yes, TestCaseName=VerifyInvalidStatusCodeForSingleResource, =}](3)  Time elapsed: 0.98 s  <<< FAILURE!
java.lang.AssertionError: expected [500] but found [200]
	at tests.ResourceTest.VerifyInvalidStatusCodeForSingleResource(ResourceTest.java:66)

